#
# A fatal error has been detected by the Java Runtime Environment:
#
#  EXCEPTION_ACCESS_VIOLATION (0xc0000005) at pc=0x00007ffa1008a226, pid=56428, tid=56676
#
# JRE version: OpenJDK Runtime Environment Temurin-17.0.7+7 (17.0.7+7) (build 17.0.7+7)
# Java VM: OpenJDK 64-Bit Server VM Temurin-17.0.7+7 (17.0.7+7, mixed mode, tiered, compressed oops, compressed class ptrs, parallel gc, windows-amd64)
# Problematic frame:
# V  [jvm.dll+0x6aa226]
#
# No core dump will be written. Minidumps are not enabled by default on client versions of Windows
#
# If you would like to submit a bug report, please visit:
#   https://github.com/adoptium/adoptium-support/issues
#

---------------  S U M M A R Y ------------

Command Line: --add-modules=ALL-SYSTEM --add-opens=java.base/java.util=ALL-UNNAMED --add-opens=java.base/java.lang=ALL-UNNAMED --add-opens=java.base/sun.nio.fs=ALL-UNNAMED -Declipse.application=org.eclipse.jdt.ls.core.id1 -Dosgi.bundles.defaultStartLevel=4 -Declipse.product=org.eclipse.jdt.ls.core.product -Djava.import.generatesMetadataFilesAtProjectRoot=false -Dfile.encoding=utf8 -XX:+UseParallelGC -XX:GCTimeRatio=4 -XX:AdaptiveSizePolicyWeight=90 -Dsun.zip.disableMemoryMapping=true -Xmx1G -Xms100m -Xlog:disable -javaagent:c:\Users\Max Felix\.vscode\extensions\redhat.java-1.18.0-win32-x64\lombok\lombok-1.18.27.jar -XX:+HeapDumpOnOutOfMemoryError -XX:HeapDumpPath=c:\Users\Max Felix\AppData\Roaming\Code\User\workspaceStorage\d9fd7cf81d42af00c436b5737475c3ec\redhat.java -Daether.dependencyCollector.impl=bf c:\Users\Max Felix\.vscode\extensions\redhat.java-1.18.0-win32-x64\server\plugins\org.eclipse.equinox.launcher_1.6.400.v20210924-0641.jar -configuration c:\Users\Max Felix\AppData\Roaming\Code\User\globalStorage\redhat.java\1.18.0\config_win -data c:\Users\Max Felix\AppData\Roaming\Code\User\workspaceStorage\d9fd7cf81d42af00c436b5737475c3ec\redhat.java\jdt_ws

Host: Intel(R) Core(TM) i7-7700K CPU @ 4.20GHz, 8 cores, 15G,  Windows 10 , 64 bit Build 19041 (10.0.19041.662)
Time: Sun May  7 14:37:32 2023 New Zealand Standard Time elapsed time: 15.678479 seconds (0d 0h 0m 15s)

---------------  T H R E A D  ---------------

Current thread (0x0000017da880e100):  GCTaskThread "GC Thread#5" [stack: 0x0000006b78a00000,0x0000006b78b00000] [id=56676]

Stack: [0x0000006b78a00000,0x0000006b78b00000],  sp=0x0000006b78aff960,  free space=1022k
Native frames: (J=compiled Java code, j=interpreted, Vv=VM code, C=native code)
V  [jvm.dll+0x6aa226]
V  [jvm.dll+0x6aa6c2]
V  [jvm.dll+0x6b2a2c]
V  [jvm.dll+0x6b3a2a]
V  [jvm.dll+0x860ffb]
V  [jvm.dll+0x861046]
V  [jvm.dll+0x7e4e7a]
V  [jvm.dll+0x676395]
C  [ucrtbase.dll+0x214c2]
C  [KERNEL32.DLL+0x17034]
C  [ntdll.dll+0x4d0d1]


siginfo: EXCEPTION_ACCESS_VIOLATION (0xc0000005), reading address 0xffffffffffffffff


Register to memory mapping:

RIP=0x00007ffa1008a226 jvm.dll
RAX=0x1fffffffe8040000 is an unknown value
RBX=0x0000000000200000 is an unknown value
RCX=0x0 is NULL
RDX=0x0000017d9fa70000 points into unknown readable memory: 0x0000000040001501 | 01 15 00 40 00 00 00 00
RSP=0x0000006b78aff960 points into unknown readable memory: 0x00000000d07ff858 | 58 f8 7f d0 00 00 00 00
RBP=0x0000017da1c2a180 points into unknown readable memory: 0x0000017d8bbe0150 | 50 01 be 8b 7d 01 00 00
RSI=0x0000000000000003 is an unknown value
RDI=0x00000000d1b37fa4 is pointing into object: [Ljava.lang.Object; 
{0x00000000d1adb728} - klass: 'java/lang/Object'[]
 - length: 96764
R8 =0x007fffffffa01000 is an unknown value
R9 =0x00000000000007a0 is an unknown value
R10=0x00000000d07ff858 is an oop: org.eclipse.jdt.internal.core.index.DiskIndex$IntList 
{0x00000000d07ff858} - klass: 'org/eclipse/jdt/internal/core/index/DiskIndex$IntList'
 - ---- fields (total size 3 words):
 - 'size' 'I' @12  7
 - 'elements' '[I' @16  [I{0x00000000d07ff870} (d07ff870)
R11=0x000000000000020f is an unknown value
R12=0x0 is NULL
R13=0x0000000000000010 is an unknown value
R14=0x00000000d1b39738 is pointing into object: [Ljava.lang.Object; 
{0x00000000d1adb728} - klass: 'java/lang/Object'[]
 - length: 96764
R15=0x00007ffa104f4770 jvm.dll


Registers:
RAX=0x1fffffffe8040000, RBX=0x0000000000200000, RCX=0x0000000000000000, RDX=0x0000017d9fa70000
RSP=0x0000006b78aff960, RBP=0x0000017da1c2a180, RSI=0x0000000000000003, RDI=0x00000000d1b37fa4
R8 =0x007fffffffa01000, R9 =0x00000000000007a0, R10=0x00000000d07ff858, R11=0x000000000000020f
R12=0x0000000000000000, R13=0x0000000000000010, R14=0x00000000d1b39738, R15=0x00007ffa104f4770
RIP=0x00007ffa1008a226, EFLAGS=0x0000000000010206

Top of Stack: (sp=0x0000006b78aff960)
0x0000006b78aff960:   00000000d07ff858 00000000d1b37fa0
0x0000006b78aff970:   00007ffa104f4770 00007ffa102faa20
0x0000006b78aff980:   00007ffa102faa20 00007ffa1008a6c2
0x0000006b78aff990:   0000017da1c2a180 0000006b78aff9f9
0x0000006b78aff9a0:   00007ffa1038f918 0000000000000053
0x0000006b78aff9b0:   000000e300000053 00007ffa10056c29
0x0000006b78aff9c0:   00000000d1adb728 00007ffa00017000
0x0000006b78aff9d0:   00000000c0000000 ffffffffffffd8f0
0x0000006b78aff9e0:   0000017da880e100 00007ffa10028045
0x0000006b78aff9f0:   00007ffa102faa20 0000017d8ddf13a0
0x0000006b78affa00:   0000006b00000003 0000017da1c2a180
0x0000006b78affa10:   0000000000000000 0000000000000000
0x0000006b78affa20:   0000000000000007 00000000d1b33738
0x0000006b78affa30:   0000006b777ff028 00000000d1b33738
0x0000006b78affa40:   000000000000000c 00000000d126c508
0x0000006b78affa50:   0000017da1c2a180 00007ffa10092a2c 

Instructions: (pc=0x00007ffa1008a226)
0x00007ffa1008a126:   ff 48 39 b3 50 08 00 00 0f 85 e5 fe ff ff 48 83
0x00007ffa1008a136:   c4 20 5f 5e 5b c3 cc cc cc cc 48 89 5c 24 08 48
0x00007ffa1008a146:   89 6c 24 10 48 89 74 24 18 48 89 7c 24 20 41 56
0x00007ffa1008a156:   48 83 ec 20 80 3d 2d 14 4c 00 00 bb 10 00 00 00
0x00007ffa1008a166:   48 8b e9 4d 63 d0 4c 8b da 8b c3 8d 4b fc 0f 84
0x00007ffa1008a176:   06 01 00 00 44 0f b6 0d 0d 14 4c 00 45 84 c9 0f
0x00007ffa1008a186:   45 c1 4c 63 04 10 49 8b d2 49 8b c0 49 2b c2 41
0x00007ffa1008a196:   ba 00 08 00 00 49 3b c2 4c 0f 42 d0 b8 18 00 00
0x00007ffa1008a1a6:   00 4c 03 d2 45 84 c9 0f 45 c3 49 03 c3 48 8d 3c
0x00007ffa1008a1b6:   90 4e 8d 34 90 4d 3b d0 73 0e 4d 8b c2 49 8b d3
0x00007ffa1008a1c6:   48 8b cd e8 62 0b 00 00 49 3b fe 0f 83 90 01 00
0x00007ffa1008a1d6:   00 66 0f 1f 84 00 00 00 00 00 8b 07 85 c0 0f 84
0x00007ffa1008a1e6:   84 00 00 00 8b 0d f8 50 45 00 8b d8 48 8b 15 f7
0x00007ffa1008a1f6:   ae 4d 00 48 d3 e3 48 03 1d dd 50 45 00 8b 0d 2f
0x00007ffa1008a206:   60 45 00 48 8b c3 48 2b 02 48 8b 52 10 48 c1 e8
0x00007ffa1008a216:   03 48 d3 e8 4c 8b c0 24 3f 49 c1 e8 06 0f b6 c8
0x00007ffa1008a226:   4a 8b 04 c2 48 0f a3 c8 72 3e 48 8b cb e8 98 26
0x00007ffa1008a236:   96 ff 48 63 f0 48 8d 0d 7e b0 4d 00 4c 8b c6 48
0x00007ffa1008a246:   8b d3 e8 e3 75 fd ff 84 c0 74 1d 4c 8b c6 48 8d
0x00007ffa1008a256:   0d a5 b0 4d 00 48 8b d3 e8 dd 2e 00 00 48 8b d3
0x00007ffa1008a266:   48 8b cd e8 22 0a 00 00 48 83 c7 04 49 3b fe 0f
0x00007ffa1008a276:   82 65 ff ff ff e9 e7 00 00 00 0f b6 15 08 13 4c
0x00007ffa1008a286:   00 84 d2 48 0f 45 c1 49 8b ca 4e 63 0c 18 49 8b
0x00007ffa1008a296:   c1 49 2b c2 41 ba 00 08 00 00 49 3b c2 4c 0f 42
0x00007ffa1008a2a6:   d0 b8 18 00 00 00 4c 03 d1 84 d2 48 0f 45 c3 49
0x00007ffa1008a2b6:   03 c3 48 8d 3c c8 4e 8d 34 d0 4d 3b d1 73 0e 4d
0x00007ffa1008a2c6:   8b c2 49 8b d3 48 8b cd e8 5d 0a 00 00 49 3b fe
0x00007ffa1008a2d6:   0f 83 8b 00 00 00 0f 1f 40 00 48 8b 1f 48 85 db
0x00007ffa1008a2e6:   74 72 48 8b 15 01 ae 4d 00 48 8b c3 8b 0d 40 5f
0x00007ffa1008a2f6:   45 00 48 2b 02 48 8b 52 10 48 c1 e8 03 48 d3 e8
0x00007ffa1008a306:   4c 8b c0 24 3f 49 c1 e8 06 0f b6 c8 4a 8b 04 c2
0x00007ffa1008a316:   48 0f a3 c8 72 3e 48 8b cb e8 ac 25 96 ff 48 63 


Stack slot to memory mapping:
stack at sp + 0 slots: 0x00000000d07ff858 is an oop: org.eclipse.jdt.internal.core.index.DiskIndex$IntList 
{0x00000000d07ff858} - klass: 'org/eclipse/jdt/internal/core/index/DiskIndex$IntList'
 - ---- fields (total size 3 words):
 - 'size' 'I' @12  7
 - 'elements' '[I' @16  [I{0x00000000d07ff870} (d07ff870)
stack at sp + 1 slots: 0x00000000d1b37fa0 is pointing into object: [Ljava.lang.Object; 
{0x00000000d1adb728} - klass: 'java/lang/Object'[]
 - length: 96764
stack at sp + 2 slots: 0x00007ffa104f4770 jvm.dll
stack at sp + 3 slots: 0x00007ffa102faa20 jvm.dll
stack at sp + 4 slots: 0x00007ffa102faa20 jvm.dll
stack at sp + 5 slots: 0x00007ffa1008a6c2 jvm.dll
stack at sp + 6 slots: 0x0000017da1c2a180 points into unknown readable memory: 0x0000017d8bbe0150 | 50 01 be 8b 7d 01 00 00
stack at sp + 7 slots: 0x0000006b78aff9f9 points into unknown readable memory: 13 df 8d 7d 01 00 00


---------------  P R O C E S S  ---------------

Threads class SMR info:
_java_thread_list=0x0000017dac6ed880, length=46, elements={
0x0000017d8dddecf0, 0x0000017da1c66740, 0x0000017da1c6e8e0, 0x0000017da6f33270,
0x0000017da6f340e0, 0x0000017da6f37600, 0x0000017da6f41780, 0x0000017da6f64090,
0x0000017da6f64690, 0x0000017da6f67bc0, 0x0000017da70a3780, 0x0000017da72ed5b0,
0x0000017da805d150, 0x0000017da805d620, 0x0000017da85d5460, 0x0000017da85ff050,
0x0000017da85ff520, 0x0000017da85ff9f0, 0x0000017da887b020, 0x0000017da8058be0,
0x0000017da80590b0, 0x0000017da805c5a0, 0x0000017da805ad90, 0x0000017da805b260,
0x0000017da8059f20, 0x0000017da805bc00, 0x0000017da8ec1870, 0x0000017da8ec73e0,
0x0000017da8ec4890, 0x0000017da8ec2bb0, 0x0000017da8ec1d40, 0x0000017da8ec3550,
0x0000017da8ec13a0, 0x0000017da8ec2210, 0x0000017da8ec0530, 0x0000017da8ec3a20,
0x0000017da8ec3080, 0x0000017da8ec3ef0, 0x0000017da8ec6570, 0x0000017da8ec5700,
0x0000017da8ec5bd0, 0x0000017daaf6ee30, 0x0000017daaf711a0, 0x0000017da8ec78b0,
0x0000017da8ec6f10, 0x0000017da8ec0060
}

Java Threads: ( => current thread )
  0x0000017d8dddecf0 JavaThread "main" [_thread_blocked, id=56456, stack(0x0000006b77500000,0x0000006b77600000)]
  0x0000017da1c66740 JavaThread "Reference Handler" daemon [_thread_blocked, id=56468, stack(0x0000006b77800000,0x0000006b77900000)]
  0x0000017da1c6e8e0 JavaThread "Finalizer" daemon [_thread_blocked, id=56472, stack(0x0000006b77900000,0x0000006b77a00000)]
  0x0000017da6f33270 JavaThread "Signal Dispatcher" daemon [_thread_blocked, id=56476, stack(0x0000006b77a00000,0x0000006b77b00000)]
  0x0000017da6f340e0 JavaThread "Attach Listener" daemon [_thread_blocked, id=56480, stack(0x0000006b77b00000,0x0000006b77c00000)]
  0x0000017da6f37600 JavaThread "Service Thread" daemon [_thread_blocked, id=56484, stack(0x0000006b77c00000,0x0000006b77d00000)]
  0x0000017da6f41780 JavaThread "Monitor Deflation Thread" daemon [_thread_blocked, id=56488, stack(0x0000006b77d00000,0x0000006b77e00000)]
  0x0000017da6f64090 JavaThread "C2 CompilerThread0" daemon [_thread_blocked, id=56492, stack(0x0000006b77e00000,0x0000006b77f00000)]
  0x0000017da6f64690 JavaThread "C1 CompilerThread0" daemon [_thread_blocked, id=56496, stack(0x0000006b77f00000,0x0000006b78000000)]
  0x0000017da6f67bc0 JavaThread "Sweeper thread" daemon [_thread_blocked, id=56500, stack(0x0000006b78000000,0x0000006b78100000)]
  0x0000017da70a3780 JavaThread "Common-Cleaner" daemon [_thread_blocked, id=56504, stack(0x0000006b78100000,0x0000006b78200000)]
  0x0000017da72ed5b0 JavaThread "Notification Thread" daemon [_thread_blocked, id=56592, stack(0x0000006b78300000,0x0000006b78400000)]
  0x0000017da805d150 JavaThread "Equinox resolver thread - Equinox Container: 9ce774ab-ba18-43a0-b1c3-e0aafcb7eb13" daemon [_thread_blocked, id=56696, stack(0x0000006b78500000,0x0000006b78600000)]
  0x0000017da805d620 JavaThread "Equinox resolver thread - Equinox Container: 9ce774ab-ba18-43a0-b1c3-e0aafcb7eb13" daemon [_thread_blocked, id=56700, stack(0x0000006b78c00000,0x0000006b78d00000)]
  0x0000017da85d5460 JavaThread "Equinox resolver thread - Equinox Container: 9ce774ab-ba18-43a0-b1c3-e0aafcb7eb13" daemon [_thread_blocked, id=56704, stack(0x0000006b78d00000,0x0000006b78e00000)]
  0x0000017da85ff050 JavaThread "Equinox resolver thread - Equinox Container: 9ce774ab-ba18-43a0-b1c3-e0aafcb7eb13" daemon [_thread_blocked, id=56708, stack(0x0000006b78e00000,0x0000006b78f00000)]
  0x0000017da85ff520 JavaThread "Equinox resolver thread - Equinox Container: 9ce774ab-ba18-43a0-b1c3-e0aafcb7eb13" daemon [_thread_blocked, id=56712, stack(0x0000006b78f00000,0x0000006b79000000)]
  0x0000017da85ff9f0 JavaThread "Equinox resolver thread - Equinox Container: 9ce774ab-ba18-43a0-b1c3-e0aafcb7eb13" daemon [_thread_blocked, id=56716, stack(0x0000006b79000000,0x0000006b79100000)]
  0x0000017da887b020 JavaThread "Active Thread: Equinox Container: 9ce774ab-ba18-43a0-b1c3-e0aafcb7eb13" [_thread_blocked, id=56724, stack(0x0000006b79100000,0x0000006b79200000)]
  0x0000017da8058be0 JavaThread "Framework Event Dispatcher: Equinox Container: 9ce774ab-ba18-43a0-b1c3-e0aafcb7eb13" daemon [_thread_blocked, id=56744, stack(0x0000006b79200000,0x0000006b79300000)]
  0x0000017da80590b0 JavaThread "Start Level: Equinox Container: 9ce774ab-ba18-43a0-b1c3-e0aafcb7eb13" daemon [_thread_blocked, id=56748, stack(0x0000006b79300000,0x0000006b79400000)]
  0x0000017da805c5a0 JavaThread "Refresh Thread: Equinox Container: 9ce774ab-ba18-43a0-b1c3-e0aafcb7eb13" daemon [_thread_blocked, id=56896, stack(0x0000006b79500000,0x0000006b79600000)]
  0x0000017da805ad90 JavaThread "Equinox resolver thread - Equinox Container: 9ce774ab-ba18-43a0-b1c3-e0aafcb7eb13" daemon [_thread_blocked, id=56920, stack(0x0000006b79600000,0x0000006b79700000)]
  0x0000017da805b260 JavaThread "Equinox resolver thread - Equinox Container: 9ce774ab-ba18-43a0-b1c3-e0aafcb7eb13" daemon [_thread_blocked, id=56924, stack(0x0000006b79700000,0x0000006b79800000)]
  0x0000017da8059f20 JavaThread "SCR Component Actor" daemon [_thread_blocked, id=56932, stack(0x0000006b79800000,0x0000006b79900000)]
  0x0000017da805bc00 JavaThread "Worker-JM" [_thread_blocked, id=56956, stack(0x0000006b79a00000,0x0000006b79b00000)]
  0x0000017da8ec1870 JavaThread "Worker-0: Java indexing... " [_thread_blocked, id=56968, stack(0x0000006b79b00000,0x0000006b79c00000)]
  0x0000017da8ec73e0 JavaThread "Worker-1" [_thread_blocked, id=56972, stack(0x0000006b79c00000,0x0000006b79d00000)]
  0x0000017da8ec4890 JavaThread "Worker-2" [_thread_blocked, id=56976, stack(0x0000006b79d00000,0x0000006b79e00000)]
  0x0000017da8ec2bb0 JavaThread "Bundle File Closer" daemon [_thread_blocked, id=56984, stack(0x0000006b78200000,0x0000006b78300000)]
  0x0000017da8ec1d40 JavaThread "Java indexing" daemon [_thread_blocked, id=56992, stack(0x0000006b79f00000,0x0000006b7a000000)]
  0x0000017da8ec3550 JavaThread "JNA Cleaner" daemon [_thread_blocked, id=57044, stack(0x0000006b7a000000,0x0000006b7a100000)]
  0x0000017da8ec13a0 JavaThread "pool-2-thread-1" [_thread_blocked, id=57052, stack(0x0000006b79e00000,0x0000006b79f00000)]
  0x0000017da8ec2210 JavaThread "pool-1-thread-1" [_thread_in_native, id=57088, stack(0x0000006b7a200000,0x0000006b7a300000)]
  0x0000017da8ec0530 JavaThread "Worker-3" [_thread_blocked, id=57104, stack(0x0000006b7a300000,0x0000006b7a400000)]
  0x0000017da8ec3a20 JavaThread "Worker-4" [_thread_blocked, id=57180, stack(0x0000006b7a400000,0x0000006b7a500000)]
  0x0000017da8ec3080 JavaThread "ForkJoinPool.commonPool-worker-1" daemon [_thread_blocked, id=57312, stack(0x0000006b7a800000,0x0000006b7a900000)]
  0x0000017da8ec3ef0 JavaThread "ForkJoinPool.commonPool-worker-2" daemon [_thread_blocked, id=57316, stack(0x0000006b7a900000,0x0000006b7aa00000)]
  0x0000017da8ec6570 JavaThread "ForkJoinPool.commonPool-worker-3" daemon [_thread_blocked, id=47392, stack(0x0000006b7aa00000,0x0000006b7ab00000)]
  0x0000017da8ec5700 JavaThread "ForkJoinPool.commonPool-worker-4" daemon [_thread_blocked, id=56352, stack(0x0000006b7ab00000,0x0000006b7ac00000)]
  0x0000017da8ec5bd0 JavaThread "ForkJoinPool.commonPool-worker-5" daemon [_thread_blocked, id=56360, stack(0x0000006b7ac00000,0x0000006b7ad00000)]
  0x0000017daaf6ee30 JavaThread "C2 CompilerThread1" daemon [_thread_blocked, id=56584, stack(0x0000006b79900000,0x0000006b79a00000)]
  0x0000017daaf711a0 JavaThread "C2 CompilerThread2" daemon [_thread_blocked, id=56536, stack(0x0000006b7a100000,0x0000006b7a200000)]
  0x0000017da8ec78b0 JavaThread "Thread-3" daemon [_thread_blocked, id=49960, stack(0x0000006b7a500000,0x0000006b7a600000)]
  0x0000017da8ec6f10 JavaThread "ForkJoinPool.commonPool-worker-6" daemon [_thread_blocked, id=57288, stack(0x0000006b7a700000,0x0000006b7a800000)]
  0x0000017da8ec0060 JavaThread "ForkJoinPool.commonPool-worker-7" daemon [_thread_blocked, id=52936, stack(0x0000006b7ad00000,0x0000006b7ae00000)]

Other Threads:
  0x0000017da1c4eda0 VMThread "VM Thread" [stack: 0x0000006b77700000,0x0000006b77800000] [id=56464]
  0x0000017da72004d0 WatcherThread [stack: 0x0000006b78400000,0x0000006b78500000] [id=56596]
  0x0000017d8ddf0d30 GCTaskThread "GC Thread#0" [stack: 0x0000006b77600000,0x0000006b77700000] [id=56460]
  0x0000017da85a4f90 GCTaskThread "GC Thread#1" [stack: 0x0000006b78600000,0x0000006b78700000] [id=56660]
  0x0000017da85a5650 GCTaskThread "GC Thread#2" [stack: 0x0000006b78700000,0x0000006b78800000] [id=56664]
  0x0000017da85a5900 GCTaskThread "GC Thread#3" [stack: 0x0000006b78800000,0x0000006b78900000] [id=56668]
  0x0000017da85a5bb0 GCTaskThread "GC Thread#4" [stack: 0x0000006b78900000,0x0000006b78a00000] [id=56672]
=>0x0000017da880e100 GCTaskThread "GC Thread#5" [stack: 0x0000006b78a00000,0x0000006b78b00000] [id=56676]
  0x0000017da880e7c0 GCTaskThread "GC Thread#6" [stack: 0x0000006b78b00000,0x0000006b78c00000] [id=56680]
  0x0000017da88e3380 GCTaskThread "GC Thread#7" [stack: 0x0000006b79400000,0x0000006b79500000] [id=56764]

Threads with active compile tasks:
C2 CompilerThread0    15749 8199       4       org.eclipse.jdt.internal.core.JavaModelCache::getInfo (135 bytes)
C2 CompilerThread1    15749 8148   !   4       org.eclipse.jdt.internal.core.Openable::exists (114 bytes)
C2 CompilerThread2    15749 8198  s    4       org.eclipse.jdt.internal.core.JavaModelManager::getInfo (36 bytes)

VM state: at safepoint (normal execution)

VM Mutex/Monitor currently owned by a thread:  ([mutex/lock_event])
[0x0000017d8dddb810] Threads_lock - owner thread: 0x0000017da1c4eda0
[0x0000017d8ddda850] Heap_lock - owner thread: 0x0000017da8ec78b0

Heap address: 0x00000000c0000000, size: 1024 MB, Compressed Oops mode: 32-bit

CDS archive(s) not mapped
Compressed class space mapped at: 0x0000000100000000-0x0000000140000000, reserved size: 1073741824
Narrow klass base: 0x0000000000000000, Narrow klass shift: 3, Narrow klass range: 0x140000000

GC Precious Log:
 CPUs: 8 total, 8 available
 Memory: 16309M
 Large Page Support: Disabled
 NUMA Support: Disabled
 Compressed Oops: Enabled (32-bit)
 Alignments: Space 512K, Generation 512K, Heap 2M
 Heap Min Capacity: 100M
 Heap Initial Capacity: 100M
 Heap Max Capacity: 1G
 Pre-touch: Disabled
 Parallel Workers: 8

Heap:
 PSYoungGen      total 15872K, used 5451K [0x00000000eab00000, 0x00000000ec280000, 0x0000000100000000)
  eden space 10240K, 0% used [0x00000000eab00000,0x00000000eab00000,0x00000000eb500000)
  from space 5632K, 96% used [0x00000000ebd00000,0x00000000ec252fd8,0x00000000ec280000)
  to   space 6656K, 0% used [0x00000000eb580000,0x00000000eb580000,0x00000000ebc00000)
 ParOldGen       total 311808K, used 309936K [0x00000000c0000000, 0x00000000d3080000, 0x00000000eab00000)
  object space 311808K, 99% used [0x00000000c0000000,0x00000000d2eac358,0x00000000d3080000)
 Metaspace       used 66350K, committed 67456K, reserved 1114112K
  class space    used 7222K, committed 7680K, reserved 1048576K

Card table byte_map: [0x0000017d8d7b0000,0x0000017d8d9c0000] _byte_map_base: 0x0000017d8d1b0000

Marking Bits: (ParMarkBitMap*) 0x00007ffa105652c0
 Begin Bits: [0x0000017d9fa70000, 0x0000017da0a70000)
 End Bits:   [0x0000017da0a70000, 0x0000017da1a70000)

Polling page: 0x0000017d8bdf0000

Metaspace:

Usage:
  Non-class:     57.74 MB used.
      Class:      7.05 MB used.
       Both:     64.80 MB used.

Virtual space:
  Non-class space:       64.00 MB reserved,      58.38 MB ( 91%) committed,  1 nodes.
      Class space:        1.00 GB reserved,       7.50 MB ( <1%) committed,  1 nodes.
             Both:        1.06 GB reserved,      65.88 MB (  6%) committed. 

Chunk freelists:
   Non-Class:  5.23 MB
       Class:  8.47 MB
        Both:  13.70 MB

MaxMetaspaceSize: unlimited
CompressedClassSpaceSize: 1.00 GB
Initial GC threshold: 21.00 MB
Current GC threshold: 105.44 MB
CDS: off
MetaspaceReclaimPolicy: balanced
 - commit_granule_bytes: 65536.
 - commit_granule_words: 8192.
 - virtual_space_node_default_size: 8388608.
 - enlarge_chunks_in_place: 1.
 - new_chunks_are_fully_committed: 0.
 - uncommit_free_chunks: 1.
 - use_allocation_guard: 0.
 - handle_deallocations: 1.


Internal statistics:

num_allocs_failed_limit: 9.
num_arena_births: 438.
num_arena_deaths: 14.
num_vsnodes_births: 2.
num_vsnodes_deaths: 0.
num_space_committed: 1054.
num_space_uncommitted: 0.
num_chunks_returned_to_freelist: 23.
num_chunks_taken_from_freelist: 2833.
num_chunk_merges: 10.
num_chunk_splits: 1820.
num_chunks_enlarged: 1136.
num_inconsistent_stats: 0.

CodeHeap 'non-profiled nmethods': size=120000Kb used=5433Kb max_used=5433Kb free=114566Kb
 bounds [0x0000017d98540000, 0x0000017d98a90000, 0x0000017d9fa70000]
CodeHeap 'profiled nmethods': size=120000Kb used=14027Kb max_used=14049Kb free=105973Kb
 bounds [0x0000017d90a70000, 0x0000017d91830000, 0x0000017d97fa0000]
CodeHeap 'non-nmethods': size=5760Kb used=1364Kb max_used=1425Kb free=4395Kb
 bounds [0x0000017d97fa0000, 0x0000017d98210000, 0x0000017d98540000]
 total_blobs=7535 nmethods=6829 adapters=620
 compilation: enabled
              stopped_count=0, restarted_count=0
 full_count=0

Compilation events (20 events):
Event: 15.598 Thread 0x0000017da6f64690 8246       3       org.eclipse.jdt.internal.core.BinaryMember::<init> (7 bytes)
Event: 15.598 Thread 0x0000017da6f64690 nmethod 8246 0x0000017d91823190 code [0x0000017d91823360, 0x0000017d918237a8]
Event: 15.599 Thread 0x0000017da6f64690 8247       3       org.eclipse.jdt.core.Signature::appendClassTypeSignature (323 bytes)
Event: 15.600 Thread 0x0000017da6f64090 nmethod 8145 0x0000017d98a87890 code [0x0000017d98a87ca0, 0x0000017d98a8c0a8]
Event: 15.602 Thread 0x0000017da6f64690 nmethod 8247 0x0000017d91823990 code [0x0000017d91823ce0, 0x0000017d918257c8]
Event: 15.602 Thread 0x0000017da6f64090 8199       4       org.eclipse.jdt.internal.core.JavaModelCache::getInfo (135 bytes)
Event: 15.609 Thread 0x0000017da6f64690 8248       3       org.eclipse.jdt.core.compiler.CharOperation::splitOn (159 bytes)
Event: 15.609 Thread 0x0000017da6f64690 nmethod 8248 0x0000017d91826110 code [0x0000017d91826320, 0x0000017d91826dd8]
Event: 15.609 Thread 0x0000017da6f64690 8249       3       org.eclipse.jdt.internal.compiler.lookup.Binding::<init> (5 bytes)
Event: 15.609 Thread 0x0000017da6f64690 nmethod 8249 0x0000017d91827190 code [0x0000017d91827320, 0x0000017d91827478]
Event: 15.611 Thread 0x0000017da6f64690 8250   !   3       java.util.zip.InflaterInputStream::read (138 bytes)
Event: 15.612 Thread 0x0000017da6f64690 nmethod 8250 0x0000017d91827510 code [0x0000017d918277c0, 0x0000017d918284b8]
Event: 15.612 Thread 0x0000017da6f64690 8252       3       java.io.FilterInputStream::read (9 bytes)
Event: 15.612 Thread 0x0000017da6f64690 nmethod 8252 0x0000017d91828a90 code [0x0000017d91828c40, 0x0000017d91828e08]
Event: 15.612 Thread 0x0000017da6f64690 8251   !   3       java.util.zip.Inflater::needsDictionary (19 bytes)
Event: 15.612 Thread 0x0000017da6f64690 nmethod 8251 0x0000017d91828f10 code [0x0000017d918290a0, 0x0000017d91829298]
Event: 15.612 Thread 0x0000017da6f64690 8253       3       java.util.zip.GZIPInputStream::read (65 bytes)
Event: 15.613 Thread 0x0000017da6f64690 nmethod 8253 0x0000017d91829390 code [0x0000017d918295a0, 0x0000017d91829ae8]
Event: 15.613 Thread 0x0000017da6f64690 8254       3       java.util.zip.GZIPInputStream::ensureOpen (18 bytes)
Event: 15.613 Thread 0x0000017da6f64690 nmethod 8254 0x0000017d91829d10 code [0x0000017d91829ec0, 0x0000017d9182a0c8]

GC Heap History (20 events):
Event: 15.334 GC heap after
{Heap after GC invocations=300 (full 12):
 PSYoungGen      total 5632K, used 352K [0x00000000eab00000, 0x00000000eb480000, 0x0000000100000000)
  eden space 4096K, 0% used [0x00000000eab00000,0x00000000eab00000,0x00000000eaf00000)
  from space 1536K, 22% used [0x00000000eb200000,0x00000000eb258000,0x00000000eb380000)
  to   space 1024K, 0% used [0x00000000eb380000,0x00000000eb380000,0x00000000eb480000)
 ParOldGen       total 311808K, used 296849K [0x00000000c0000000, 0x00000000d3080000, 0x00000000eab00000)
  object space 311808K, 95% used [0x00000000c0000000,0x00000000d21e4548,0x00000000d3080000)
 Metaspace       used 65296K, committed 66304K, reserved 1114112K
  class space    used 7128K, committed 7552K, reserved 1048576K
}
Event: 15.342 GC heap before
{Heap before GC invocations=301 (full 12):
 PSYoungGen      total 5632K, used 4448K [0x00000000eab00000, 0x00000000eb480000, 0x0000000100000000)
  eden space 4096K, 100% used [0x00000000eab00000,0x00000000eaf00000,0x00000000eaf00000)
  from space 1536K, 22% used [0x00000000eb200000,0x00000000eb258000,0x00000000eb380000)
  to   space 1024K, 0% used [0x00000000eb380000,0x00000000eb380000,0x00000000eb480000)
 ParOldGen       total 311808K, used 296849K [0x00000000c0000000, 0x00000000d3080000, 0x00000000eab00000)
  object space 311808K, 95% used [0x00000000c0000000,0x00000000d21e4548,0x00000000d3080000)
 Metaspace       used 65296K, committed 66304K, reserved 1114112K
  class space    used 7128K, committed 7552K, reserved 1048576K
}
Event: 15.344 GC heap after
{Heap after GC invocations=301 (full 12):
 PSYoungGen      total 5632K, used 480K [0x00000000eab00000, 0x00000000eb400000, 0x0000000100000000)
  eden space 5120K, 0% used [0x00000000eab00000,0x00000000eab00000,0x00000000eb000000)
  from space 512K, 93% used [0x00000000eb380000,0x00000000eb3f8000,0x00000000eb400000)
  to   space 512K, 0% used [0x00000000eb300000,0x00000000eb300000,0x00000000eb380000)
 ParOldGen       total 311808K, used 297089K [0x00000000c0000000, 0x00000000d3080000, 0x00000000eab00000)
  object space 311808K, 95% used [0x00000000c0000000,0x00000000d2220548,0x00000000d3080000)
 Metaspace       used 65296K, committed 66304K, reserved 1114112K
  class space    used 7128K, committed 7552K, reserved 1048576K
}
Event: 15.354 GC heap before
{Heap before GC invocations=302 (full 12):
 PSYoungGen      total 5632K, used 5600K [0x00000000eab00000, 0x00000000eb400000, 0x0000000100000000)
  eden space 5120K, 100% used [0x00000000eab00000,0x00000000eb000000,0x00000000eb000000)
  from space 512K, 93% used [0x00000000eb380000,0x00000000eb3f8000,0x00000000eb400000)
  to   space 512K, 0% used [0x00000000eb300000,0x00000000eb300000,0x00000000eb380000)
 ParOldGen       total 311808K, used 297089K [0x00000000c0000000, 0x00000000d3080000, 0x00000000eab00000)
  object space 311808K, 95% used [0x00000000c0000000,0x00000000d2220548,0x00000000d3080000)
 Metaspace       used 65296K, committed 66304K, reserved 1114112K
  class space    used 7128K, committed 7552K, reserved 1048576K
}
Event: 15.356 GC heap after
{Heap after GC invocations=302 (full 12):
 PSYoungGen      total 6656K, used 384K [0x00000000eab00000, 0x00000000eb400000, 0x0000000100000000)
  eden space 6144K, 0% used [0x00000000eab00000,0x00000000eab00000,0x00000000eb100000)
  from space 512K, 75% used [0x00000000eb300000,0x00000000eb360000,0x00000000eb380000)
  to   space 512K, 0% used [0x00000000eb380000,0x00000000eb380000,0x00000000eb400000)
 ParOldGen       total 311808K, used 297249K [0x00000000c0000000, 0x00000000d3080000, 0x00000000eab00000)
  object space 311808K, 95% used [0x00000000c0000000,0x00000000d2248548,0x00000000d3080000)
 Metaspace       used 65296K, committed 66304K, reserved 1114112K
  class space    used 7128K, committed 7552K, reserved 1048576K
}
Event: 15.407 GC heap before
{Heap before GC invocations=303 (full 12):
 PSYoungGen      total 6656K, used 6528K [0x00000000eab00000, 0x00000000eb400000, 0x0000000100000000)
  eden space 6144K, 100% used [0x00000000eab00000,0x00000000eb100000,0x00000000eb100000)
  from space 512K, 75% used [0x00000000eb300000,0x00000000eb360000,0x00000000eb380000)
  to   space 512K, 0% used [0x00000000eb380000,0x00000000eb380000,0x00000000eb400000)
 ParOldGen       total 311808K, used 297249K [0x00000000c0000000, 0x00000000d3080000, 0x00000000eab00000)
  object space 311808K, 95% used [0x00000000c0000000,0x00000000d2248548,0x00000000d3080000)
 Metaspace       used 65297K, committed 66304K, reserved 1114112K
  class space    used 7128K, committed 7552K, reserved 1048576K
}
Event: 15.409 GC heap after
{Heap after GC invocations=303 (full 12):
 PSYoungGen      total 7680K, used 448K [0x00000000eab00000, 0x00000000eb400000, 0x0000000100000000)
  eden space 7168K, 0% used [0x00000000eab00000,0x00000000eab00000,0x00000000eb200000)
  from space 512K, 87% used [0x00000000eb380000,0x00000000eb3f0000,0x00000000eb400000)
  to   space 512K, 0% used [0x00000000eb300000,0x00000000eb300000,0x00000000eb380000)
 ParOldGen       total 311808K, used 297405K [0x00000000c0000000, 0x00000000d3080000, 0x00000000eab00000)
  object space 311808K, 95% used [0x00000000c0000000,0x00000000d226f518,0x00000000d3080000)
 Metaspace       used 65297K, committed 66304K, reserved 1114112K
  class space    used 7128K, committed 7552K, reserved 1048576K
}
Event: 15.427 GC heap before
{Heap before GC invocations=304 (full 12):
 PSYoungGen      total 7680K, used 7616K [0x00000000eab00000, 0x00000000eb400000, 0x0000000100000000)
  eden space 7168K, 100% used [0x00000000eab00000,0x00000000eb200000,0x00000000eb200000)
  from space 512K, 87% used [0x00000000eb380000,0x00000000eb3f0000,0x00000000eb400000)
  to   space 512K, 0% used [0x00000000eb300000,0x00000000eb300000,0x00000000eb380000)
 ParOldGen       total 311808K, used 297405K [0x00000000c0000000, 0x00000000d3080000, 0x00000000eab00000)
  object space 311808K, 95% used [0x00000000c0000000,0x00000000d226f518,0x00000000d3080000)
 Metaspace       used 65297K, committed 66304K, reserved 1114112K
  class space    used 7128K, committed 7552K, reserved 1048576K
}
Event: 15.429 GC heap after
{Heap after GC invocations=304 (full 12):
 PSYoungGen      total 8704K, used 512K [0x00000000eab00000, 0x00000000eb600000, 0x0000000100000000)
  eden space 8192K, 0% used [0x00000000eab00000,0x00000000eab00000,0x00000000eb300000)
  from space 512K, 100% used [0x00000000eb300000,0x00000000eb380000,0x00000000eb380000)
  to   space 1536K, 0% used [0x00000000eb480000,0x00000000eb480000,0x00000000eb600000)
 ParOldGen       total 311808K, used 298026K [0x00000000c0000000, 0x00000000d3080000, 0x00000000eab00000)
  object space 311808K, 95% used [0x00000000c0000000,0x00000000d230a808,0x00000000d3080000)
 Metaspace       used 65297K, committed 66304K, reserved 1114112K
  class space    used 7128K, committed 7552K, reserved 1048576K
}
Event: 15.451 GC heap before
{Heap before GC invocations=305 (full 12):
 PSYoungGen      total 8704K, used 8704K [0x00000000eab00000, 0x00000000eb600000, 0x0000000100000000)
  eden space 8192K, 100% used [0x00000000eab00000,0x00000000eb300000,0x00000000eb300000)
  from space 512K, 100% used [0x00000000eb300000,0x00000000eb380000,0x00000000eb380000)
  to   space 1536K, 0% used [0x00000000eb480000,0x00000000eb480000,0x00000000eb600000)
 ParOldGen       total 311808K, used 298026K [0x00000000c0000000, 0x00000000d3080000, 0x00000000eab00000)
  object space 311808K, 95% used [0x00000000c0000000,0x00000000d230a808,0x00000000d3080000)
 Metaspace       used 65297K, committed 66304K, reserved 1114112K
  class space    used 7128K, committed 7552K, reserved 1048576K
}
Event: 15.453 GC heap after
{Heap after GC invocations=305 (full 12):
 PSYoungGen      total 9728K, used 1111K [0x00000000eab00000, 0x00000000eb700000, 0x0000000100000000)
  eden space 8192K, 0% used [0x00000000eab00000,0x00000000eab00000,0x00000000eb300000)
  from space 1536K, 72% used [0x00000000eb480000,0x00000000eb595e90,0x00000000eb600000)
  to   space 1536K, 0% used [0x00000000eb300000,0x00000000eb300000,0x00000000eb480000)
 ParOldGen       total 311808K, used 298570K [0x00000000c0000000, 0x00000000d3080000, 0x00000000eab00000)
  object space 311808K, 95% used [0x00000000c0000000,0x00000000d2392808,0x00000000d3080000)
 Metaspace       used 65297K, committed 66304K, reserved 1114112K
  class space    used 7128K, committed 7552K, reserved 1048576K
}
Event: 15.496 GC heap before
{Heap before GC invocations=306 (full 12):
 PSYoungGen      total 9728K, used 9106K [0x00000000eab00000, 0x00000000eb700000, 0x0000000100000000)
  eden space 8192K, 97% used [0x00000000eab00000,0x00000000eb2cea10,0x00000000eb300000)
  from space 1536K, 72% used [0x00000000eb480000,0x00000000eb595e90,0x00000000eb600000)
  to   space 1536K, 0% used [0x00000000eb300000,0x00000000eb300000,0x00000000eb480000)
 ParOldGen       total 311808K, used 298570K [0x00000000c0000000, 0x00000000d3080000, 0x00000000eab00000)
  object space 311808K, 95% used [0x00000000c0000000,0x00000000d2392808,0x00000000d3080000)
 Metaspace       used 65628K, committed 66624K, reserved 1114112K
  class space    used 7159K, committed 7552K, reserved 1048576K
}
Event: 15.499 GC heap after
{Heap after GC invocations=306 (full 12):
 PSYoungGen      total 9728K, used 1536K [0x00000000eab00000, 0x00000000ebd00000, 0x0000000100000000)
  eden space 8192K, 0% used [0x00000000eab00000,0x00000000eab00000,0x00000000eb300000)
  from space 1536K, 100% used [0x00000000eb300000,0x00000000eb480000,0x00000000eb480000)
  to   space 4608K, 0% used [0x00000000eb880000,0x00000000eb880000,0x00000000ebd00000)
 ParOldGen       total 311808K, used 300822K [0x00000000c0000000, 0x00000000d3080000, 0x00000000eab00000)
  object space 311808K, 96% used [0x00000000c0000000,0x00000000d25c5a00,0x00000000d3080000)
 Metaspace       used 65628K, committed 66624K, reserved 1114112K
  class space    used 7159K, committed 7552K, reserved 1048576K
}
Event: 15.545 GC heap before
{Heap before GC invocations=307 (full 12):
 PSYoungGen      total 9728K, used 8959K [0x00000000eab00000, 0x00000000ebd00000, 0x0000000100000000)
  eden space 8192K, 90% used [0x00000000eab00000,0x00000000eb23ff20,0x00000000eb300000)
  from space 1536K, 100% used [0x00000000eb300000,0x00000000eb480000,0x00000000eb480000)
  to   space 4608K, 0% used [0x00000000eb880000,0x00000000eb880000,0x00000000ebd00000)
 ParOldGen       total 311808K, used 300822K [0x00000000c0000000, 0x00000000d3080000, 0x00000000eab00000)
  object space 311808K, 96% used [0x00000000c0000000,0x00000000d25c5a00,0x00000000d3080000)
 Metaspace       used 65746K, committed 66752K, reserved 1114112K
  class space    used 7172K, committed 7616K, reserved 1048576K
}
Event: 15.552 GC heap after
{Heap after GC invocations=307 (full 12):
 PSYoungGen      total 13824K, used 4199K [0x00000000eab00000, 0x00000000ebd00000, 0x0000000100000000)
  eden space 9216K, 0% used [0x00000000eab00000,0x00000000eab00000,0x00000000eb400000)
  from space 4608K, 91% used [0x00000000eb880000,0x00000000ebc99ef8,0x00000000ebd00000)
  to   space 4608K, 0% used [0x00000000eb400000,0x00000000eb400000,0x00000000eb880000)
 ParOldGen       total 311808K, used 303734K [0x00000000c0000000, 0x00000000d3080000, 0x00000000eab00000)
  object space 311808K, 97% used [0x00000000c0000000,0x00000000d289d9f0,0x00000000d3080000)
 Metaspace       used 65746K, committed 66752K, reserved 1114112K
  class space    used 7172K, committed 7616K, reserved 1048576K
}
Event: 15.603 GC heap before
{Heap before GC invocations=308 (full 12):
 PSYoungGen      total 13824K, used 12395K [0x00000000eab00000, 0x00000000ebd00000, 0x0000000100000000)
  eden space 9216K, 88% used [0x00000000eab00000,0x00000000eb300d40,0x00000000eb400000)
  from space 4608K, 91% used [0x00000000eb880000,0x00000000ebc99ef8,0x00000000ebd00000)
  to   space 4608K, 0% used [0x00000000eb400000,0x00000000eb400000,0x00000000eb880000)
 ParOldGen       total 311808K, used 303734K [0x00000000c0000000, 0x00000000d3080000, 0x00000000eab00000)
  object space 311808K, 97% used [0x00000000c0000000,0x00000000d289d9f0,0x00000000d3080000)
 Metaspace       used 66274K, committed 67328K, reserved 1114112K
  class space    used 7220K, committed 7680K, reserved 1048576K
}
Event: 15.607 GC heap after
{Heap after GC invocations=308 (full 12):
 PSYoungGen      total 13824K, used 4600K [0x00000000eab00000, 0x00000000ec500000, 0x0000000100000000)
  eden space 9216K, 0% used [0x00000000eab00000,0x00000000eab00000,0x00000000eb400000)
  from space 4608K, 99% used [0x00000000eb400000,0x00000000eb87e1c8,0x00000000eb880000)
  to   space 8192K, 0% used [0x00000000ebd00000,0x00000000ebd00000,0x00000000ec500000)
 ParOldGen       total 311808K, used 306639K [0x00000000c0000000, 0x00000000d3080000, 0x00000000eab00000)
  object space 311808K, 98% used [0x00000000c0000000,0x00000000d2b73d90,0x00000000d3080000)
 Metaspace       used 66274K, committed 67328K, reserved 1114112K
  class space    used 7220K, committed 7680K, reserved 1048576K
}
Event: 15.623 GC heap before
{Heap before GC invocations=309 (full 12):
 PSYoungGen      total 13824K, used 10156K [0x00000000eab00000, 0x00000000ec500000, 0x0000000100000000)
  eden space 9216K, 60% used [0x00000000eab00000,0x00000000eb06d1c0,0x00000000eb400000)
  from space 4608K, 99% used [0x00000000eb400000,0x00000000eb87e1c8,0x00000000eb880000)
  to   space 8192K, 0% used [0x00000000ebd00000,0x00000000ebd00000,0x00000000ec500000)
 ParOldGen       total 311808K, used 306639K [0x00000000c0000000, 0x00000000d3080000, 0x00000000eab00000)
  object space 311808K, 98% used [0x00000000c0000000,0x00000000d2b73d90,0x00000000d3080000)
 Metaspace       used 66350K, committed 67456K, reserved 1114112K
  class space    used 7222K, committed 7680K, reserved 1048576K
}
Event: 15.627 GC heap after
{Heap after GC invocations=309 (full 12):
 PSYoungGen      total 15872K, used 5451K [0x00000000eab00000, 0x00000000ec280000, 0x0000000100000000)
  eden space 10240K, 0% used [0x00000000eab00000,0x00000000eab00000,0x00000000eb500000)
  from space 5632K, 96% used [0x00000000ebd00000,0x00000000ec252fd8,0x00000000ec280000)
  to   space 6656K, 0% used [0x00000000eb580000,0x00000000eb580000,0x00000000ebc00000)
 ParOldGen       total 311808K, used 309936K [0x00000000c0000000, 0x00000000d3080000, 0x00000000eab00000)
  object space 311808K, 99% used [0x00000000c0000000,0x00000000d2eac358,0x00000000d3080000)
 Metaspace       used 66350K, committed 67456K, reserved 1114112K
  class space    used 7222K, committed 7680K, reserved 1048576K
}
Event: 15.627 GC heap before
{Heap before GC invocations=310 (full 13):
 PSYoungGen      total 15872K, used 5451K [0x00000000eab00000, 0x00000000ec280000, 0x0000000100000000)
  eden space 10240K, 0% used [0x00000000eab00000,0x00000000eab00000,0x00000000eb500000)
  from space 5632K, 96% used [0x00000000ebd00000,0x00000000ec252fd8,0x00000000ec280000)
  to   space 6656K, 0% used [0x00000000eb580000,0x00000000eb580000,0x00000000ebc00000)
 ParOldGen       total 311808K, used 309936K [0x00000000c0000000, 0x00000000d3080000, 0x00000000eab00000)
  object space 311808K, 99% used [0x00000000c0000000,0x00000000d2eac358,0x00000000d3080000)
 Metaspace       used 66350K, committed 67456K, reserved 1114112K
  class space    used 7222K, committed 7680K, reserved 1048576K
}

Dll operation events (13 events):
Event: 0.009 Loaded shared library c:\Users\Max Felix\.vscode\extensions\redhat.java-1.18.0-win32-x64\jre\17.0.7-win32-x86_64\bin\java.dll
Event: 0.121 Loaded shared library c:\Users\Max Felix\.vscode\extensions\redhat.java-1.18.0-win32-x64\jre\17.0.7-win32-x86_64\bin\zip.dll
Event: 0.124 Loaded shared library C:\Users\Max Felix\.vscode\extensions\redhat.java-1.18.0-win32-x64\jre\17.0.7-win32-x86_64\bin\instrument.dll
Event: 0.135 Loaded shared library C:\Users\Max Felix\.vscode\extensions\redhat.java-1.18.0-win32-x64\jre\17.0.7-win32-x86_64\bin\net.dll
Event: 0.137 Loaded shared library C:\Users\Max Felix\.vscode\extensions\redhat.java-1.18.0-win32-x64\jre\17.0.7-win32-x86_64\bin\nio.dll
Event: 0.145 Loaded shared library C:\Users\Max Felix\.vscode\extensions\redhat.java-1.18.0-win32-x64\jre\17.0.7-win32-x86_64\bin\zip.dll
Event: 0.165 Loaded shared library C:\Users\Max Felix\.vscode\extensions\redhat.java-1.18.0-win32-x64\jre\17.0.7-win32-x86_64\bin\jimage.dll
Event: 0.230 Loaded shared library c:\Users\Max Felix\.vscode\extensions\redhat.java-1.18.0-win32-x64\jre\17.0.7-win32-x86_64\bin\verify.dll
Event: 1.552 Loaded shared library C:\Users\Max Felix\AppData\Roaming\Code\User\globalStorage\redhat.java\1.18.0\config_win\org.eclipse.equinox.launcher\org.eclipse.equinox.launcher.win32.win32.x86_64_1.2.700.v20221108-1024\eclipse_11801.dll
Event: 2.471 Loaded shared library C:\Users\Max Felix\.vscode\extensions\redhat.java-1.18.0-win32-x64\jre\17.0.7-win32-x86_64\bin\management.dll
Event: 2.474 Loaded shared library C:\Users\Max Felix\.vscode\extensions\redhat.java-1.18.0-win32-x64\jre\17.0.7-win32-x86_64\bin\management_ext.dll
Event: 3.720 Loaded shared library C:\Users\Max Felix\AppData\Local\Temp\jna--76007552\jna6694911881497249319.dll
Event: 6.630 Loaded shared library C:\Users\Max Felix\.vscode\extensions\redhat.java-1.18.0-win32-x64\jre\17.0.7-win32-x86_64\bin\sunmscapi.dll

Deoptimization events (20 events):
Event: 15.603 Thread 0x0000017da8ec6570 Uncommon trap: trap_request=0xffffff45 fr.pc=0x0000017d9895719c relative=0x00000000000003fc
Event: 15.603 Thread 0x0000017da8ec6570 Uncommon trap: reason=unstable_if action=reinterpret pc=0x0000017d9895719c method=org.eclipse.jdt.internal.compiler.classfmt.FieldInfo.getName()[C @ 4 c2
Event: 15.603 Thread 0x0000017da8ec6570 DEOPT PACKING pc=0x0000017d9895719c sp=0x0000006b7aafe4a0
Event: 15.603 Thread 0x0000017da8ec6570 DEOPT UNPACKING pc=0x0000017d97ff66a3 sp=0x0000006b7aafe468 mode 2
Event: 15.611 Thread 0x0000017da8ec78b0 Uncommon trap: trap_request=0xffffffc6 fr.pc=0x0000017d987fb20c relative=0x0000000000001e4c
Event: 15.611 Thread 0x0000017da8ec78b0 Uncommon trap: reason=bimorphic_or_optimized_type_check action=maybe_recompile pc=0x0000017d987fb20c method=java.util.zip.InflaterInputStream.read([BII)I @ 100 c2
Event: 15.611 Thread 0x0000017da8ec78b0 DEOPT PACKING pc=0x0000017d987fb20c sp=0x0000006b7a5ff410
Event: 15.611 Thread 0x0000017da8ec78b0 DEOPT UNPACKING pc=0x0000017d97ff66a3 sp=0x0000006b7a5ff460 mode 2
Event: 15.611 Thread 0x0000017da8ec78b0 Uncommon trap: trap_request=0xffffffc6 fr.pc=0x0000017d987fb20c relative=0x0000000000001e4c
Event: 15.611 Thread 0x0000017da8ec78b0 Uncommon trap: reason=bimorphic_or_optimized_type_check action=maybe_recompile pc=0x0000017d987fb20c method=java.util.zip.InflaterInputStream.read([BII)I @ 100 c2
Event: 15.611 Thread 0x0000017da8ec78b0 DEOPT PACKING pc=0x0000017d987fb20c sp=0x0000006b7a5ff410
Event: 15.611 Thread 0x0000017da8ec78b0 DEOPT UNPACKING pc=0x0000017d97ff66a3 sp=0x0000006b7a5ff460 mode 2
Event: 15.611 Thread 0x0000017da8ec78b0 Uncommon trap: trap_request=0xffffffc6 fr.pc=0x0000017d987fb20c relative=0x0000000000001e4c
Event: 15.611 Thread 0x0000017da8ec78b0 Uncommon trap: reason=bimorphic_or_optimized_type_check action=maybe_recompile pc=0x0000017d987fb20c method=java.util.zip.InflaterInputStream.read([BII)I @ 100 c2
Event: 15.611 Thread 0x0000017da8ec78b0 DEOPT PACKING pc=0x0000017d987fb20c sp=0x0000006b7a5ff410
Event: 15.611 Thread 0x0000017da8ec78b0 DEOPT UNPACKING pc=0x0000017d97ff66a3 sp=0x0000006b7a5ff460 mode 2
Event: 15.611 Thread 0x0000017da8ec78b0 Uncommon trap: trap_request=0xffffffc6 fr.pc=0x0000017d987fb20c relative=0x0000000000001e4c
Event: 15.611 Thread 0x0000017da8ec78b0 Uncommon trap: reason=bimorphic_or_optimized_type_check action=maybe_recompile pc=0x0000017d987fb20c method=java.util.zip.InflaterInputStream.read([BII)I @ 100 c2
Event: 15.611 Thread 0x0000017da8ec78b0 DEOPT PACKING pc=0x0000017d987fb20c sp=0x0000006b7a5ff410
Event: 15.611 Thread 0x0000017da8ec78b0 DEOPT UNPACKING pc=0x0000017d97ff66a3 sp=0x0000006b7a5ff460 mode 2

Classes unloaded (7 events):
Event: 2.482 Thread 0x0000017da1c4eda0 Unloading class 0x0000000100226000 'java/lang/invoke/LambdaForm$MH+0x0000000100226000'
Event: 2.482 Thread 0x0000017da1c4eda0 Unloading class 0x0000000100225c00 'java/lang/invoke/LambdaForm$MH+0x0000000100225c00'
Event: 2.482 Thread 0x0000017da1c4eda0 Unloading class 0x0000000100225800 'java/lang/invoke/LambdaForm$MH+0x0000000100225800'
Event: 2.482 Thread 0x0000017da1c4eda0 Unloading class 0x0000000100225400 'java/lang/invoke/LambdaForm$MH+0x0000000100225400'
Event: 2.482 Thread 0x0000017da1c4eda0 Unloading class 0x0000000100224c00 'java/lang/invoke/LambdaForm$BMH+0x0000000100224c00'
Event: 2.482 Thread 0x0000017da1c4eda0 Unloading class 0x0000000100224800 'java/lang/invoke/LambdaForm$DMH+0x0000000100224800'
Event: 2.482 Thread 0x0000017da1c4eda0 Unloading class 0x0000000100222000 'java/lang/invoke/LambdaForm$DMH+0x0000000100222000'

Classes redefined (0 events):
No events

Internal exceptions (20 events):
Event: 14.923 Thread 0x0000017da8ec0530 Exception <a 'sun/nio/fs/WindowsException'{0x00000000eb292040}> (0x00000000eb292040) 
thrown [s\src\hotspot\share\prims\jni.cpp, line 516]
Event: 14.924 Thread 0x0000017da8ec0530 Exception <a 'sun/nio/fs/WindowsException'{0x00000000eb2a91d0}> (0x00000000eb2a91d0) 
thrown [s\src\hotspot\share\prims\jni.cpp, line 516]
Event: 14.926 Thread 0x0000017da8ec0530 Exception <a 'sun/nio/fs/WindowsException'{0x00000000eb2ad500}> (0x00000000eb2ad500) 
thrown [s\src\hotspot\share\prims\jni.cpp, line 516]
Event: 14.931 Thread 0x0000017da8ec0530 Exception <a 'sun/nio/fs/WindowsException'{0x00000000eb2d4a80}> (0x00000000eb2d4a80) 
thrown [s\src\hotspot\share\prims\jni.cpp, line 516]
Event: 14.935 Thread 0x0000017da8ec0530 Exception <a 'sun/nio/fs/WindowsException'{0x00000000eb2f7b50}> (0x00000000eb2f7b50) 
thrown [s\src\hotspot\share\prims\jni.cpp, line 516]
Event: 14.937 Thread 0x0000017da8ec0530 Exception <a 'sun/nio/fs/WindowsException'{0x00000000eb2fd508}> (0x00000000eb2fd508) 
thrown [s\src\hotspot\share\prims\jni.cpp, line 516]
Event: 14.938 Thread 0x0000017da8ec0530 Exception <a 'sun/nio/fs/WindowsException'{0x00000000eb302370}> (0x00000000eb302370) 
thrown [s\src\hotspot\share\prims\jni.cpp, line 516]
Event: 14.956 Thread 0x0000017da8ec0530 Exception <a 'sun/nio/fs/WindowsException'{0x00000000eb3966d0}> (0x00000000eb3966d0) 
thrown [s\src\hotspot\share\prims\jni.cpp, line 516]
Event: 14.956 Thread 0x0000017da8ec0530 Exception <a 'sun/nio/fs/WindowsException'{0x00000000eb39bcc8}> (0x00000000eb39bcc8) 
thrown [s\src\hotspot\share\prims\jni.cpp, line 516]
Event: 14.958 Thread 0x0000017da8ec0530 Exception <a 'sun/nio/fs/WindowsException'{0x00000000eb3a0868}> (0x00000000eb3a0868) 
thrown [s\src\hotspot\share\prims\jni.cpp, line 516]
Event: 14.963 Thread 0x0000017da8ec0530 Exception <a 'sun/nio/fs/WindowsException'{0x00000000eb3febf8}> (0x00000000eb3febf8) 
thrown [s\src\hotspot\share\prims\jni.cpp, line 516]
Event: 14.964 Thread 0x0000017da8ec0530 Exception <a 'sun/nio/fs/WindowsException'{0x00000000eb427f88}> (0x00000000eb427f88) 
thrown [s\src\hotspot\share\prims\jni.cpp, line 516]
Event: 14.966 Thread 0x0000017da8ec0530 Exception <a 'sun/nio/fs/WindowsException'{0x00000000eb42c310}> (0x00000000eb42c310) 
thrown [s\src\hotspot\share\prims\jni.cpp, line 516]
Event: 14.970 Thread 0x0000017da8ec0530 Exception <a 'sun/nio/fs/WindowsException'{0x00000000eb489d48}> (0x00000000eb489d48) 
thrown [s\src\hotspot\share\prims\jni.cpp, line 516]
Event: 14.971 Thread 0x0000017da8ec0530 Exception <a 'sun/nio/fs/WindowsException'{0x00000000eb48ef68}> (0x00000000eb48ef68) 
thrown [s\src\hotspot\share\prims\jni.cpp, line 516]
Event: 14.973 Thread 0x0000017da8ec0530 Exception <a 'sun/nio/fs/WindowsException'{0x00000000eb493278}> (0x00000000eb493278) 
thrown [s\src\hotspot\share\prims\jni.cpp, line 516]
Event: 15.042 Thread 0x0000017da8ec0530 Implicit null exception at 0x0000017d985736e0 to 0x0000017d98573aa4
Event: 15.042 Thread 0x0000017da8ec0530 Implicit null exception at 0x0000017d987ae660 to 0x0000017d987aea4c
Event: 15.140 Thread 0x0000017da8ec0530 Exception <a 'sun/nio/fs/WindowsException'{0x00000000eaf441d0}> (0x00000000eaf441d0) 
thrown [s\src\hotspot\share\prims\jni.cpp, line 516]
Event: 15.580 Thread 0x0000017da8ec0060 Exception <a 'java/io/FileNotFoundException'{0x00000000eb218710}> (0x00000000eb218710) 
thrown [s\src\hotspot\share\prims\jni.cpp, line 516]

VM Operations (20 events):
Event: 15.357 Executing VM operation: ParallelGCFailedAllocation done
Event: 15.397 Executing VM operation: ParallelGCFailedAllocation
Event: 15.415 Executing VM operation: ParallelGCFailedAllocation done
Event: 15.426 Executing VM operation: ParallelGCFailedAllocation
Event: 15.438 Executing VM operation: ParallelGCFailedAllocation done
Event: 15.450 Executing VM operation: ParallelGCFailedAllocation
Event: 15.453 Executing VM operation: ParallelGCFailedAllocation done
Event: 15.464 Executing VM operation: HandshakeAllThreads
Event: 15.464 Executing VM operation: HandshakeAllThreads done
Event: 15.496 Executing VM operation: ParallelGCFailedAllocation
Event: 15.499 Executing VM operation: ParallelGCFailedAllocation done
Event: 15.545 Executing VM operation: ParallelGCFailedAllocation
Event: 15.553 Executing VM operation: ParallelGCFailedAllocation done
Event: 15.590 Executing VM operation: HandshakeAllThreads
Event: 15.590 Executing VM operation: HandshakeAllThreads done
Event: 15.590 Executing VM operation: HandshakeAllThreads
Event: 15.603 Executing VM operation: HandshakeAllThreads done
Event: 15.603 Executing VM operation: ParallelGCFailedAllocation
Event: 15.609 Executing VM operation: ParallelGCFailedAllocation done
Event: 15.619 Executing VM operation: ParallelGCFailedAllocation

Events (20 events):
Event: 14.811 loading class java/util/stream/DistinctOps$1$2 done
Event: 15.040 loading class java/nio/file/Files$2
Event: 15.041 loading class java/nio/file/Files$2 done
Event: 15.075 Thread 0x0000017da8ec6f10 Thread added: 0x0000017da8ec6f10
Event: 15.095 Thread 0x0000017da8ec6f10 Thread exited: 0x0000017da8ec6f10
Event: 15.534 loading class jdk/internal/event/SecurityPropertyModificationEvent
Event: 15.535 loading class jdk/internal/event/SecurityPropertyModificationEvent done
Event: 15.538 Thread 0x0000017da8ec78b0 Thread added: 0x0000017da8ec78b0
Event: 15.539 loading class java/util/concurrent/CompletionException
Event: 15.539 loading class java/util/concurrent/CompletionException done
Event: 15.542 Thread 0x0000017da8ec6f10 Thread added: 0x0000017da8ec6f10
Event: 15.542 Thread 0x0000017da8ec0060 Thread added: 0x0000017da8ec0060
Event: 15.560 loading class java/util/regex/Pattern$1
Event: 15.560 loading class java/util/regex/Pattern$1 done
Event: 15.610 loading class java/util/zip/CheckedInputStream
Event: 15.610 loading class java/util/zip/CheckedInputStream done
Event: 15.615 Thread 0x0000017da6f67bc0 flushing nmethod 0x0000017d91424090
Event: 15.617 Thread 0x0000017da6f67bc0 flushing nmethod 0x0000017d9166a990
Event: 15.617 Thread 0x0000017da6f67bc0 flushing nmethod 0x0000017d9174a490
Event: 15.618 Thread 0x0000017da6f67bc0 flushing nmethod 0x0000017d917d0210


Dynamic libraries:
0x00007ff635410000 - 0x00007ff63541e000 	c:\Users\Max Felix\.vscode\extensions\redhat.java-1.18.0-win32-x64\jre\17.0.7-win32-x86_64\bin\java.exe
0x00007ffaa5b30000 - 0x00007ffaa5d26000 	C:\WINDOWS\SYSTEM32\ntdll.dll
0x00007ffaa4c70000 - 0x00007ffaa4d2d000 	C:\WINDOWS\System32\KERNEL32.DLL
0x00007ffaa33f0000 - 0x00007ffaa36b9000 	C:\WINDOWS\System32\KERNELBASE.dll
0x00007ffaa38b0000 - 0x00007ffaa39b0000 	C:\WINDOWS\System32\ucrtbase.dll
0x00007ffa88c60000 - 0x00007ffa88c77000 	c:\Users\Max Felix\.vscode\extensions\redhat.java-1.18.0-win32-x64\jre\17.0.7-win32-x86_64\bin\jli.dll
0x00007ffa7bab0000 - 0x00007ffa7bac9000 	c:\Users\Max Felix\.vscode\extensions\redhat.java-1.18.0-win32-x64\jre\17.0.7-win32-x86_64\bin\VCRUNTIME140.dll
0x00007ffaa3dc0000 - 0x00007ffaa3f60000 	C:\WINDOWS\System32\USER32.dll
0x00007ffaa3b60000 - 0x00007ffaa3b82000 	C:\WINDOWS\System32\win32u.dll
0x00007ffaa50a0000 - 0x00007ffaa50ca000 	C:\WINDOWS\System32\GDI32.dll
0x00007ffa8bb50000 - 0x00007ffa8bdeb000 	C:\WINDOWS\WinSxS\amd64_microsoft.windows.common-controls_6595b64144ccf1df_6.0.19041.746_none_ca02b4b61b8320a4\COMCTL32.dll
0x00007ffaa5940000 - 0x00007ffaa59de000 	C:\WINDOWS\System32\msvcrt.dll
0x00007ffaa39b0000 - 0x00007ffaa3abb000 	C:\WINDOWS\System32\gdi32full.dll
0x00007ffaa3ac0000 - 0x00007ffaa3b5d000 	C:\WINDOWS\System32\msvcp_win.dll
0x00007ffaa4080000 - 0x00007ffaa40b0000 	C:\WINDOWS\System32\IMM32.DLL
0x00007ffa88820000 - 0x00007ffa8882c000 	c:\Users\Max Felix\.vscode\extensions\redhat.java-1.18.0-win32-x64\jre\17.0.7-win32-x86_64\bin\vcruntime140_1.dll
0x00007ffa254e0000 - 0x00007ffa25571000 	c:\Users\Max Felix\.vscode\extensions\redhat.java-1.18.0-win32-x64\jre\17.0.7-win32-x86_64\bin\msvcp140.dll
0x00007ffa0f9e0000 - 0x00007ffa10628000 	c:\Users\Max Felix\.vscode\extensions\redhat.java-1.18.0-win32-x64\jre\17.0.7-win32-x86_64\bin\server\jvm.dll
0x00007ffaa54b0000 - 0x00007ffaa555c000 	C:\WINDOWS\System32\ADVAPI32.dll
0x00007ffaa3d20000 - 0x00007ffaa3dbc000 	C:\WINDOWS\System32\sechost.dll
0x00007ffaa4db0000 - 0x00007ffaa4edb000 	C:\WINDOWS\System32\RPCRT4.dll
0x00007ffa881a0000 - 0x00007ffa881a9000 	C:\WINDOWS\SYSTEM32\WSOCK32.dll
0x00007ffa9b8e0000 - 0x00007ffa9b8ea000 	C:\WINDOWS\SYSTEM32\VERSION.dll
0x00007ffaa4d30000 - 0x00007ffaa4d9b000 	C:\WINDOWS\System32\WS2_32.dll
0x00007ffa90c20000 - 0x00007ffa90c47000 	C:\WINDOWS\SYSTEM32\WINMM.dll
0x00007ffaa11f0000 - 0x00007ffaa1202000 	C:\WINDOWS\SYSTEM32\kernel.appcore.dll
0x00007ffa7e530000 - 0x00007ffa7e53a000 	c:\Users\Max Felix\.vscode\extensions\redhat.java-1.18.0-win32-x64\jre\17.0.7-win32-x86_64\bin\jimage.dll
0x00007ffa8b360000 - 0x00007ffa8b544000 	C:\WINDOWS\SYSTEM32\DBGHELP.DLL
0x00007ffa88360000 - 0x00007ffa8838c000 	C:\WINDOWS\SYSTEM32\dbgcore.DLL
0x00007ffaa3320000 - 0x00007ffaa33a0000 	C:\WINDOWS\System32\bcryptPrimitives.dll
0x00007ffa7c0a0000 - 0x00007ffa7c0ae000 	c:\Users\Max Felix\.vscode\extensions\redhat.java-1.18.0-win32-x64\jre\17.0.7-win32-x86_64\bin\instrument.dll
0x00007ffa7ba80000 - 0x00007ffa7baa5000 	c:\Users\Max Felix\.vscode\extensions\redhat.java-1.18.0-win32-x64\jre\17.0.7-win32-x86_64\bin\java.dll
0x00007ffa7ba60000 - 0x00007ffa7ba78000 	c:\Users\Max Felix\.vscode\extensions\redhat.java-1.18.0-win32-x64\jre\17.0.7-win32-x86_64\bin\zip.dll
0x00007ffaa4520000 - 0x00007ffaa4c63000 	C:\WINDOWS\System32\SHELL32.dll
0x00007ffaa13f0000 - 0x00007ffaa1b7f000 	C:\WINDOWS\SYSTEM32\windows.storage.dll
0x00007ffaa5150000 - 0x00007ffaa54a6000 	C:\WINDOWS\System32\combase.dll
0x00007ffaa2cd0000 - 0x00007ffaa2cfc000 	C:\WINDOWS\SYSTEM32\Wldp.dll
0x00007ffaa3c60000 - 0x00007ffaa3d0e000 	C:\WINDOWS\System32\SHCORE.dll
0x00007ffaa59e0000 - 0x00007ffaa5a35000 	C:\WINDOWS\System32\shlwapi.dll
0x00007ffaa31a0000 - 0x00007ffaa31c6000 	C:\WINDOWS\SYSTEM32\profapi.dll
0x00007ffa4a210000 - 0x00007ffa4a229000 	C:\Users\Max Felix\.vscode\extensions\redhat.java-1.18.0-win32-x64\jre\17.0.7-win32-x86_64\bin\net.dll
0x00007ffa95e30000 - 0x00007ffa95f30000 	C:\WINDOWS\SYSTEM32\WINHTTP.dll
0x00007ffaa2a50000 - 0x00007ffaa2aba000 	C:\WINDOWS\system32\mswsock.dll
0x00007ffa49e20000 - 0x00007ffa49e35000 	C:\Users\Max Felix\.vscode\extensions\redhat.java-1.18.0-win32-x64\jre\17.0.7-win32-x86_64\bin\nio.dll
0x00007ffa78b90000 - 0x00007ffa78ba0000 	c:\Users\Max Felix\.vscode\extensions\redhat.java-1.18.0-win32-x64\jre\17.0.7-win32-x86_64\bin\verify.dll
0x00007ffa45530000 - 0x00007ffa4556e000 	C:\Users\Max Felix\AppData\Roaming\Code\User\globalStorage\redhat.java\1.18.0\config_win\org.eclipse.equinox.launcher\org.eclipse.equinox.launcher.win32.win32.x86_64_1.2.700.v20221108-1024\eclipse_11801.dll
0x00007ffaa5810000 - 0x00007ffaa593a000 	C:\WINDOWS\System32\ole32.dll
0x00007ffa72250000 - 0x00007ffa72259000 	C:\Users\Max Felix\.vscode\extensions\redhat.java-1.18.0-win32-x64\jre\17.0.7-win32-x86_64\bin\management.dll
0x00007ffa6f430000 - 0x00007ffa6f43b000 	C:\Users\Max Felix\.vscode\extensions\redhat.java-1.18.0-win32-x64\jre\17.0.7-win32-x86_64\bin\management_ext.dll
0x00007ffaa3d10000 - 0x00007ffaa3d18000 	C:\WINDOWS\System32\PSAPI.DLL
0x00007ffaa2c30000 - 0x00007ffaa2c48000 	C:\WINDOWS\SYSTEM32\CRYPTSP.dll
0x00007ffaa2380000 - 0x00007ffaa23b4000 	C:\WINDOWS\system32\rsaenh.dll
0x00007ffaa3720000 - 0x00007ffaa3747000 	C:\WINDOWS\System32\bcrypt.dll
0x00007ffaa3160000 - 0x00007ffaa318e000 	C:\WINDOWS\SYSTEM32\USERENV.dll
0x00007ffaa2c20000 - 0x00007ffaa2c2c000 	C:\WINDOWS\SYSTEM32\CRYPTBASE.dll
0x00007ffaa26f0000 - 0x00007ffaa272b000 	C:\WINDOWS\SYSTEM32\IPHLPAPI.DLL
0x00007ffaa4da0000 - 0x00007ffaa4da8000 	C:\WINDOWS\System32\NSI.dll
0x00007ffa9ced0000 - 0x00007ffa9cee7000 	C:\WINDOWS\SYSTEM32\dhcpcsvc6.DLL
0x00007ffa9ceb0000 - 0x00007ffa9cecd000 	C:\WINDOWS\SYSTEM32\dhcpcsvc.DLL
0x00007ffaa2740000 - 0x00007ffaa280b000 	C:\WINDOWS\SYSTEM32\DNSAPI.dll
0x00007ffa25490000 - 0x00007ffa254d5000 	C:\Users\Max Felix\AppData\Local\Temp\jna--76007552\jna6694911881497249319.dll
0x00007ffa61d80000 - 0x00007ffa61d8e000 	C:\Users\Max Felix\.vscode\extensions\redhat.java-1.18.0-win32-x64\jre\17.0.7-win32-x86_64\bin\sunmscapi.dll
0x00007ffaa3750000 - 0x00007ffaa38a6000 	C:\WINDOWS\System32\CRYPT32.dll
0x00007ffaa2d40000 - 0x00007ffaa2d67000 	C:\WINDOWS\SYSTEM32\ncrypt.dll
0x00007ffaa2d00000 - 0x00007ffaa2d3b000 	C:\WINDOWS\SYSTEM32\NTASN1.dll
0x00007ffa8f3e0000 - 0x00007ffa8f3ea000 	C:\Windows\System32\rasadhlp.dll
0x00007ffa8f1f0000 - 0x00007ffa8f26f000 	C:\WINDOWS\System32\fwpuclnt.dll

dbghelp: loaded successfully - version: 4.0.5 - missing functions: none
symbol engine: initialized successfully - sym options: 0x614 - pdb path: .;c:\Users\Max Felix\.vscode\extensions\redhat.java-1.18.0-win32-x64\jre\17.0.7-win32-x86_64\bin;C:\WINDOWS\SYSTEM32;C:\WINDOWS\WinSxS\amd64_microsoft.windows.common-controls_6595b64144ccf1df_6.0.19041.746_none_ca02b4b61b8320a4;c:\Users\Max Felix\.vscode\extensions\redhat.java-1.18.0-win32-x64\jre\17.0.7-win32-x86_64\bin\server;C:\Users\Max Felix\AppData\Roaming\Code\User\globalStorage\redhat.java\1.18.0\config_win\org.eclipse.equinox.launcher\org.eclipse.equinox.launcher.win32.win32.x86_64_1.2.700.v20221108-1024;C:\Users\Max Felix\AppData\Local\Temp\jna--76007552

VM Arguments:
jvm_args: --add-modules=ALL-SYSTEM --add-opens=java.base/java.util=ALL-UNNAMED --add-opens=java.base/java.lang=ALL-UNNAMED --add-opens=java.base/sun.nio.fs=ALL-UNNAMED -Declipse.application=org.eclipse.jdt.ls.core.id1 -Dosgi.bundles.defaultStartLevel=4 -Declipse.product=org.eclipse.jdt.ls.core.product -Djava.import.generatesMetadataFilesAtProjectRoot=false -Dfile.encoding=utf8 -XX:+UseParallelGC -XX:GCTimeRatio=4 -XX:AdaptiveSizePolicyWeight=90 -Dsun.zip.disableMemoryMapping=true -Xmx1G -Xms100m -Xlog:disable -javaagent:c:\Users\Max Felix\.vscode\extensions\redhat.java-1.18.0-win32-x64\lombok\lombok-1.18.27.jar -XX:+HeapDumpOnOutOfMemoryError -XX:HeapDumpPath=c:\Users\Max Felix\AppData\Roaming\Code\User\workspaceStorage\d9fd7cf81d42af00c436b5737475c3ec\redhat.java -Daether.dependencyCollector.impl=bf 
java_command: c:\Users\Max Felix\.vscode\extensions\redhat.java-1.18.0-win32-x64\server\plugins\org.eclipse.equinox.launcher_1.6.400.v20210924-0641.jar -configuration c:\Users\Max Felix\AppData\Roaming\Code\User\globalStorage\redhat.java\1.18.0\config_win -data c:\Users\Max Felix\AppData\Roaming\Code\User\workspaceStorage\d9fd7cf81d42af00c436b5737475c3ec\redhat.java\jdt_ws
java_class_path (initial): c:\Users\Max Felix\.vscode\extensions\redhat.java-1.18.0-win32-x64\server\plugins\org.eclipse.equinox.launcher_1.6.400.v20210924-0641.jar
Launcher Type: SUN_STANDARD

[Global flags]
    uintx AdaptiveSizePolicyWeight                 = 90                                        {product} {command line}
     intx CICompilerCount                          = 4                                         {product} {ergonomic}
    uintx GCTimeRatio                              = 4                                         {product} {command line}
     bool HeapDumpOnOutOfMemoryError               = true                                   {manageable} {command line}
    ccstr HeapDumpPath                             = c:\Users\Max Felix\AppData\Roaming\Code\User\workspaceStorage\d9fd7cf81d42af00c436b5737475c3ec\redhat.java         {manageable} {command line}
   size_t InitialHeapSize                          = 104857600                                 {product} {command line}
   size_t MaxHeapSize                              = 1073741824                                {product} {command line}
   size_t MaxNewSize                               = 357564416                                 {product} {ergonomic}
   size_t MinHeapDeltaBytes                        = 524288                                    {product} {ergonomic}
   size_t MinHeapSize                              = 104857600                                 {product} {command line}
   size_t NewSize                                  = 34603008                                  {product} {ergonomic}
    uintx NonNMethodCodeHeapSize                   = 5839372                                {pd product} {ergonomic}
    uintx NonProfiledCodeHeapSize                  = 122909434                              {pd product} {ergonomic}
   size_t OldSize                                  = 70254592                                  {product} {ergonomic}
    uintx ProfiledCodeHeapSize                     = 122909434                              {pd product} {ergonomic}
    uintx ReservedCodeCacheSize                    = 251658240                              {pd product} {ergonomic}
     bool SegmentedCodeCache                       = true                                      {product} {ergonomic}
   size_t SoftMaxHeapSize                          = 1073741824                             {manageable} {ergonomic}
     bool UseCompressedClassPointers               = true                           {product lp64_product} {ergonomic}
     bool UseCompressedOops                        = true                           {product lp64_product} {ergonomic}
     bool UseLargePagesIndividualAllocation        = false                                  {pd product} {ergonomic}
     bool UseParallelGC                            = true                                      {product} {command line}

Logging:
Log output configuration:
 #0: stdout all=off uptime,level,tags
 #1: stderr all=off uptime,level,tags

Environment Variables:
PATH=C:\Program Files\Common Files\Oracle\Java\javapath;C:\WINDOWS\system32;C:\WINDOWS;C:\WINDOWS\System32\Wbem;C:\WINDOWS\System32\WindowsPowerShell\v1.0\;C:\WINDOWS\System32\OpenSSH\;C:\Program Files (x86)\Calibre2\;C:\Program Files\NVIDIA Corporation\NVIDIA NvDLISR;C:\Program Files (x86)\NVIDIA Corporation\PhysX\Common;C:\Users\Max Felix;C:\Program Files\Git\cmd;C:\Users\Max Felix\AppData\Roaming\Microsoft\Windows\Start Menu\Programs\Python 3.10;C:\Program Files\dotnet\;C:\Program Files\nodejs\;C:\Users\Max Felix\scoop\shims;C:\Users\Max Felix\AppData\Local\Microsoft\WindowsApps;C:\ProgramData\Max Felix\atom\bin;C:\Program Files\JetBrains\IntelliJ IDEA Community Edition 2020.3\bin;;C:\Program Files\Graphviz\bin;C:\Users\Max Felix\AppData\Local\Programs\MiKTeX\miktex\bin\x64\;C:\Users\Max Felix\AppData\Local\Programs\Microsoft VS Code\bin;C:\Users\Max Felix\AppData\Local\GitHubDesktop\bin;C:\Users\Max Felix\AppData\Roaming\npm
USERNAME=Max Felix
OS=Windows_NT
PROCESSOR_IDENTIFIER=Intel64 Family 6 Model 158 Stepping 9, GenuineIntel
TMP=C:\Users\MAXFEL~1\AppData\Local\Temp
TEMP=C:\Users\MAXFEL~1\AppData\Local\Temp



---------------  S Y S T E M  ---------------

OS:
 Windows 10 , 64 bit Build 19041 (10.0.19041.662)
OS uptime: 0 days 3:56 hours

CPU: total 8 (initial active 8) (4 cores per cpu, 2 threads per core) family 6 model 158 stepping 9 microcode 0xb4, cx8, cmov, fxsr, ht, mmx, 3dnowpref, sse, sse2, sse3, ssse3, sse4.1, sse4.2, popcnt, lzcnt, tsc, tscinvbit, avx, avx2, aes, erms, clmul, bmi1, bmi2, rtm, adx, fma, vzeroupper, clflush, clflushopt

Memory: 4k page, system-wide physical 16309M (6558M free)
TotalPageFile size 24501M (AvailPageFile size 8086M)
current process WorkingSet (physical memory assigned to process): 635M, peak: 635M
current process commit charge ("private bytes"): 550M, peak: 565M

vm_info: OpenJDK 64-Bit Server VM (17.0.7+7) for windows-amd64 JRE (17.0.7+7), built on Apr 18 2023 22:10:42 by "temurin" with MS VC++ 16.7 (VS2019)

END.
